<?xml version="1.0" encoding="UTF-8"?>
<!-- Generated by org.testng.reporters.JUnitXMLReporter -->
<testsuite ignored="0" hostname="LAPTOP-CD5C4PV5" failures="0" tests="5" name="Default test" time="53.774" errors="0" timestamp="2023-03-15T10:59:24 EDT">
  <testcase classname="com.example.AuditLogPageTest" name="verifyAuditLogPageTitleTest" time="0.117"/>
  <testcase classname="com.example.AuditLogPageTest" name="verifyCompaniesPageColumnsTest" time="0.768"/>
  <testcase classname="com.example.AuditLogPageTest" name="openAuditlog" time="0.613"/>
  <testcase classname="com.example.AuditLogPageTest" name="verifytoast" time="0.665"/>
  <testcase classname="com.example.AuditLogPageTest" name="verifygridcontainsTest" time="0.687"/>
</testsuite> <!-- Default test -->
